
[2021-02-17 14:22:45] Error message: Page not found | File name: W:\domains\pavlblog\blog\Сore\Router.php | Line: 52
=======================
[2021-02-17 14:35:02] Error message: Page not found | File name: W:\domains\pavlblog\blog\Сore\Router.php | Line: 52
=======================
[2021-02-17 14:37:00] Error message: Page not found | File name: W:\domains\pavlblog\blog\Сore\Router.php | Line: 52
=======================
[2021-02-17 14:37:03] Error message: Page not found | File name: W:\domains\pavlblog\blog\Сore\Router.php | Line: 52
=======================
[2021-02-17 14:37:04] Error message: Page not found | File name: W:\domains\pavlblog\blog\Сore\Router.php | Line: 52
=======================
[2021-02-17 14:37:06] Error message: Page not found | File name: W:\domains\pavlblog\blog\Сore\Router.php | Line: 52
=======================
[2021-02-17 14:40:54] Error message: Page not found | File name: W:\domains\pavlblog\blog\Сore\Router.php | Line: 52
=======================
[2021-02-17 14:41:05] Error message: Page not found | File name: W:\domains\pavlblog\blog\Сore\Router.php | Line: 52
=======================
[2021-02-18 17:55:20] Error message: Page not found | File name: W:\domains\pavlblog\blog\Сore\Router.php | Line: 52
=======================
[2021-02-18 17:55:21] Error message: Page not found | File name: W:\domains\pavlblog\blog\Сore\Router.php | Line: 52
=======================
[2021-02-18 17:55:45] Error message: Page not found | File name: W:\domains\pavlblog\blog\Сore\Router.php | Line: 52
=======================
[2021-02-18 17:56:28] Error message: Page not found | File name: W:\domains\pavlblog\blog\Сore\Router.php | Line: 52
=======================
[2021-02-18 17:56:29] Error message: Page not found | File name: W:\domains\pavlblog\blog\Сore\Router.php | Line: 52
=======================
[2021-02-18 17:56:34] Error message: Page not found | File name: W:\domains\pavlblog\blog\Сore\Router.php | Line: 52
=======================
[2021-02-18 17:56:52] Error message: Page not found | File name: W:\domains\pavlblog\blog\Сore\Router.php | Line: 52
=======================
[2021-02-18 17:56:56] Error message: Page not found | File name: W:\domains\pavlblog\blog\Сore\Router.php | Line: 52
=======================
[2021-02-18 17:57:00] Error message: Page not found | File name: W:\domains\pavlblog\blog\Сore\Router.php | Line: 52
=======================
[2021-02-18 17:57:10] Error message: Page not found | File name: W:\domains\pavlblog\blog\Сore\Router.php | Line: 52
=======================
[2021-02-18 17:57:11] Error message: Page not found | File name: W:\domains\pavlblog\blog\Сore\Router.php | Line: 52
=======================
[2021-02-18 17:57:37] Error message: Page not found | File name: W:\domains\pavlblog\blog\Сore\Router.php | Line: 52
=======================
[2021-02-18 18:10:57] Error message: Page not found | File name: W:\domains\pavlblog\blog\Сore\Router.php | Line: 52
=======================
[2021-02-18 18:18:30] Error message: Call to a member function attr() on array | File name: W:\domains\pavlblog\app\Models\admin\Interfax.php | Line: 19
=======================
[2021-02-18 18:18:40] Error message: Call to a member function attr() on array | File name: W:\domains\pavlblog\app\Models\admin\Interfax.php | Line: 19
=======================
[2021-02-18 19:37:13] Error message: Page not found | File name: W:\domains\pavlblog\blog\Сore\Router.php | Line: 52
=======================
[2021-02-18 19:37:14] Error message: Page not found | File name: W:\domains\pavlblog\blog\Сore\Router.php | Line: 52
=======================
[2021-02-18 19:39:54] Error message: Page not found | File name: W:\domains\pavlblog\blog\Сore\Router.php | Line: 52
=======================
[2021-02-18 19:39:58] Error message: Page not found | File name: W:\domains\pavlblog\blog\Сore\Router.php | Line: 52
=======================
[2021-03-10 12:27:47] Error message: Page not found | File name: W:\domains\pavlblog\blog\Сore\Router.php | Line: 52
=======================
[2021-03-10 12:27:48] Error message: Page not found | File name: W:\domains\pavlblog\blog\Сore\Router.php | Line: 52
=======================
[2021-03-10 12:28:01] Error message: Page not found | File name: W:\domains\pavlblog\blog\Сore\Router.php | Line: 52
=======================
[2021-03-10 12:28:05] Error message: Page not found | File name: W:\domains\pavlblog\blog\Сore\Router.php | Line: 52
=======================
[2021-03-10 12:28:06] Error message: Page not found | File name: W:\domains\pavlblog\blog\Сore\Router.php | Line: 52
=======================
[2021-03-10 12:28:08] Error message: Page not found | File name: W:\domains\pavlblog\blog\Сore\Router.php | Line: 52
=======================
[2021-03-10 12:28:09] Error message: Page not found | File name: W:\domains\pavlblog\blog\Сore\Router.php | Line: 52
=======================
[2021-03-10 12:28:10] Error message: Page not found | File name: W:\domains\pavlblog\blog\Сore\Router.php | Line: 52
=======================
[2021-03-10 12:28:12] Error message: Page not found | File name: W:\domains\pavlblog\blog\Сore\Router.php | Line: 52
=======================
[2021-03-10 12:28:12] Error message: Page not found | File name: W:\domains\pavlblog\blog\Сore\Router.php | Line: 52
=======================
[2021-03-10 12:28:14] Error message: Page not found | File name: W:\domains\pavlblog\blog\Сore\Router.php | Line: 52
=======================
[2021-03-10 12:28:14] Error message: Page not found | File name: W:\domains\pavlblog\blog\Сore\Router.php | Line: 52
=======================
[2021-03-10 12:28:15] Error message: Page not found | File name: W:\domains\pavlblog\blog\Сore\Router.php | Line: 52
=======================
[2021-03-10 12:28:16] Error message: Page not found | File name: W:\domains\pavlblog\blog\Сore\Router.php | Line: 52
=======================
[2021-03-10 12:28:17] Error message: Page not found | File name: W:\domains\pavlblog\blog\Сore\Router.php | Line: 52
=======================
[2021-03-10 12:28:17] Error message: Page not found | File name: W:\domains\pavlblog\blog\Сore\Router.php | Line: 52
=======================
[2021-03-10 12:28:18] Error message: Page not found | File name: W:\domains\pavlblog\blog\Сore\Router.php | Line: 52
=======================
[2021-03-10 12:28:19] Error message: Page not found | File name: W:\domains\pavlblog\blog\Сore\Router.php | Line: 52
=======================
[2021-03-10 12:28:20] Error message: Page not found | File name: W:\domains\pavlblog\blog\Сore\Router.php | Line: 52
=======================
[2021-03-10 12:28:20] Error message: Page not found | File name: W:\domains\pavlblog\blog\Сore\Router.php | Line: 52
=======================
[2021-03-10 12:28:21] Error message: Page not found | File name: W:\domains\pavlblog\blog\Сore\Router.php | Line: 52
=======================
[2021-03-10 12:28:22] Error message: Page not found | File name: W:\domains\pavlblog\blog\Сore\Router.php | Line: 52
=======================
[2021-03-10 12:28:24] Error message: Page not found | File name: W:\domains\pavlblog\blog\Сore\Router.php | Line: 52
=======================
[2021-03-10 12:28:31] Error message: Page not found | File name: W:\domains\pavlblog\blog\Сore\Router.php | Line: 52
=======================
[2021-03-10 12:28:37] Error message: Page not found | File name: W:\domains\pavlblog\blog\Сore\Router.php | Line: 52
=======================
[2021-03-10 12:28:43] Error message: Page not found | File name: W:\domains\pavlblog\blog\Сore\Router.php | Line: 52
=======================
[2021-03-10 12:28:48] Error message: Page not found | File name: W:\domains\pavlblog\blog\Сore\Router.php | Line: 52
=======================
[2021-03-10 12:28:49] Error message: Page not found | File name: W:\domains\pavlblog\blog\Сore\Router.php | Line: 52
=======================
[2021-03-10 12:34:17] Error message: Call to undefined function App\Models\admin\find() | File name: W:\domains\pavlblog\app\Models\admin\Interfax.php | Line: 30
=======================
[2021-03-10 12:34:21] Error message: Page not found | File name: W:\domains\pavlblog\blog\Сore\Router.php | Line: 52
=======================
[2021-03-10 12:34:23] Error message: Call to undefined function App\Models\admin\find() | File name: W:\domains\pavlblog\app\Models\admin\Interfax.php | Line: 30
=======================
[2021-03-10 12:34:25] Error message: Page not found | File name: W:\domains\pavlblog\blog\Сore\Router.php | Line: 52
=======================
[2021-03-10 12:34:45] Error message: Page not found | File name: W:\domains\pavlblog\blog\Сore\Router.php | Line: 52
=======================
[2021-03-10 12:43:52] Error message: Call to a member function firstChild() on null | File name: W:\domains\pavlblog\app\Models\admin\Interfax.php | Line: 37
=======================
[2021-03-10 12:44:30] Error message: Call to a member function firstChild() on null | File name: W:\domains\pavlblog\app\Models\admin\Interfax.php | Line: 37
=======================
[2021-03-10 12:44:31] Error message: Page not found | File name: W:\domains\pavlblog\blog\Сore\Router.php | Line: 52
=======================
[2021-03-10 12:44:32] Error message: Call to a member function firstChild() on null | File name: W:\domains\pavlblog\app\Models\admin\Interfax.php | Line: 37
=======================
[2021-03-10 12:45:08] Error message: Page not found | File name: W:\domains\pavlblog\blog\Сore\Router.php | Line: 52
=======================
[2021-03-10 12:45:19] Error message: Page not found | File name: W:\domains\pavlblog\blog\Сore\Router.php | Line: 52
=======================
[2021-03-10 14:14:29] Error message: Call to a member function has() on null | File name: W:\domains\pavlblog\app\Models\admin\Interfax.php | Line: 33
=======================
[2021-03-10 14:14:38] Error message: Call to a member function has() on null | File name: W:\domains\pavlblog\app\Models\admin\Interfax.php | Line: 33
=======================
[2021-03-10 14:14:39] Error message: Page not found | File name: W:\domains\pavlblog\blog\Сore\Router.php | Line: 52
=======================
[2021-03-10 14:14:44] Error message: Call to a member function has() on null | File name: W:\domains\pavlblog\app\Models\admin\Interfax.php | Line: 33
=======================
[2021-03-10 14:15:02] Error message: Call to a member function has() on null | File name: W:\domains\pavlblog\app\Models\admin\Interfax.php | Line: 33
=======================
[2021-03-10 14:15:13] Error message: Call to a member function has() on null | File name: W:\domains\pavlblog\app\Models\admin\Interfax.php | Line: 33
=======================
[2021-03-10 14:15:14] Error message: Page not found | File name: W:\domains\pavlblog\blog\Сore\Router.php | Line: 52
=======================
[2021-03-10 14:15:15] Error message: Call to a member function has() on null | File name: W:\domains\pavlblog\app\Models\admin\Interfax.php | Line: 33
=======================
[2021-03-10 14:15:29] Error message: Call to a member function has() on null | File name: W:\domains\pavlblog\app\Models\admin\Interfax.php | Line: 33
=======================
[2021-03-10 14:15:38] Error message: Call to a member function has() on null | File name: W:\domains\pavlblog\app\Models\admin\Interfax.php | Line: 33
=======================
[2021-03-10 14:15:44] Error message: Call to a member function has() on null | File name: W:\domains\pavlblog\app\Models\admin\Interfax.php | Line: 33
=======================
[2021-03-10 14:15:46] Error message: Page not found | File name: W:\domains\pavlblog\blog\Сore\Router.php | Line: 52
=======================
[2021-03-10 14:15:47] Error message: Call to a member function has() on null | File name: W:\domains\pavlblog\app\Models\admin\Interfax.php | Line: 33
=======================
[2021-03-10 14:15:55] Error message: Call to a member function find() on null | File name: W:\domains\pavlblog\app\Models\admin\Interfax.php | Line: 32
=======================
[2021-03-10 14:15:57] Error message: Page not found | File name: W:\domains\pavlblog\blog\Сore\Router.php | Line: 52
=======================
[2021-03-10 14:16:06] Error message: Call to a member function find() on null | File name: W:\domains\pavlblog\app\Models\admin\Interfax.php | Line: 32
=======================
[2021-03-10 14:16:55] Error message: Call to a member function find() on null | File name: W:\domains\pavlblog\app\Models\admin\Interfax.php | Line: 32
=======================
[2021-03-10 14:16:55] Error message: Page not found | File name: W:\domains\pavlblog\blog\Сore\Router.php | Line: 52
=======================
[2021-03-10 14:16:57] Error message: Page not found | File name: W:\domains\pavlblog\blog\Сore\Router.php | Line: 52
=======================
[2021-03-10 14:17:21] Error message: Page not found | File name: W:\domains\pavlblog\blog\Сore\Router.php | Line: 52
=======================
[2021-03-10 14:17:47] Error message: Page not found | File name: W:\domains\pavlblog\blog\Сore\Router.php | Line: 52
=======================
[2021-03-10 14:20:04] Error message: Page not found | File name: W:\domains\pavlblog\blog\Сore\Router.php | Line: 52
=======================
[2021-03-10 14:20:28] Error message: Page not found | File name: W:\domains\pavlblog\blog\Сore\Router.php | Line: 52
=======================
[2021-03-10 14:20:32] Error message: Page not found | File name: W:\domains\pavlblog\blog\Сore\Router.php | Line: 52
=======================
[2021-03-10 14:20:35] Error message: Call to a member function find() on null | File name: W:\domains\pavlblog\app\Models\admin\Interfax.php | Line: 32
=======================
[2021-03-10 14:32:26] Error message: Call to a member function attr() on array | File name: W:\domains\pavlblog\app\Models\admin\Interfax.php | Line: 18
=======================
[2021-03-10 14:32:37] Error message: Page not found | File name: W:\domains\pavlblog\blog\Сore\Router.php | Line: 52
=======================
[2021-03-10 14:33:13] Error message: Call to a member function attr() on array | File name: W:\domains\pavlblog\app\Models\admin\Interfax.php | Line: 18
=======================
[2021-03-10 14:33:47] Error message: Page not found | File name: W:\domains\pavlblog\blog\Сore\Router.php | Line: 52
=======================
[2021-03-10 14:41:04] Error message: Page not found | File name: W:\domains\pavlblog\blog\Сore\Router.php | Line: 52
=======================
[2021-03-10 14:41:29] Error message: Page not found | File name: W:\domains\pavlblog\blog\Сore\Router.php | Line: 52
=======================
[2021-03-10 14:45:11] Error message: Page not found | File name: W:\domains\pavlblog\blog\Сore\Router.php | Line: 52
=======================
[2021-03-10 14:45:14] Error message: Page not found | File name: W:\domains\pavlblog\blog\Сore\Router.php | Line: 52
=======================
[2021-03-10 14:45:22] Error message: Could not load file https://rg.ru//2021/03/10/rosprirodnadzor-proverit-meropriiatiia-po-ozdorovleniiu-volgi.html | File name: W:\domains\pavlblog\vendor\imangazaliev\didom\src\DiDom\Document.php | Line: 397
=======================
[2021-03-10 14:49:20] Error message: Page not found | File name: W:\domains\pavlblog\blog\Сore\Router.php | Line: 52
=======================
[2021-03-10 14:49:43] Error message: Could not load file https://rg.ru//2021/03/10/rosprirodnadzor-proverit-meropriiatiia-po-ozdorovleniiu-volgi.html | File name: W:\domains\pavlblog\vendor\imangazaliev\didom\src\DiDom\Document.php | Line: 397
=======================
[2021-03-10 14:49:48] Error message: Page not found | File name: W:\domains\pavlblog\blog\Сore\Router.php | Line: 52
=======================
[2021-03-10 14:50:00] Error message: Page not found | File name: W:\domains\pavlblog\blog\Сore\Router.php | Line: 52
=======================
[2021-03-10 14:50:08] Error message: Page not found | File name: W:\domains\pavlblog\blog\Сore\Router.php | Line: 52
=======================
[2021-03-10 14:50:09] Error message: Page not found | File name: W:\domains\pavlblog\blog\Сore\Router.php | Line: 52
=======================
[2021-03-10 14:50:17] Error message: Page not found | File name: W:\domains\pavlblog\blog\Сore\Router.php | Line: 52
=======================
[2021-03-10 14:51:46] Error message: Page not found | File name: W:\domains\pavlblog\blog\Сore\Router.php | Line: 52
=======================
[2021-03-10 14:51:50] Error message: Page not found | File name: W:\domains\pavlblog\blog\Сore\Router.php | Line: 52
=======================
[2021-03-10 14:51:52] Error message: Page not found | File name: W:\domains\pavlblog\blog\Сore\Router.php | Line: 52
=======================
[2021-03-10 14:51:53] Error message: Page not found | File name: W:\domains\pavlblog\blog\Сore\Router.php | Line: 52
=======================
[2021-03-10 14:51:53] Error message: Page not found | File name: W:\domains\pavlblog\blog\Сore\Router.php | Line: 52
=======================
[2021-03-10 14:51:55] Error message: Page not found | File name: W:\domains\pavlblog\blog\Сore\Router.php | Line: 52
=======================
[2021-03-10 14:51:56] Error message: Page not found | File name: W:\domains\pavlblog\blog\Сore\Router.php | Line: 52
=======================
[2021-03-10 14:51:57] Error message: Page not found | File name: W:\domains\pavlblog\blog\Сore\Router.php | Line: 52
=======================
[2021-03-10 14:51:58] Error message: Page not found | File name: W:\domains\pavlblog\blog\Сore\Router.php | Line: 52
=======================
[2021-03-10 14:52:00] Error message: Page not found | File name: W:\domains\pavlblog\blog\Сore\Router.php | Line: 52
=======================
[2021-03-10 14:52:01] Error message: Page not found | File name: W:\domains\pavlblog\blog\Сore\Router.php | Line: 52
=======================
[2021-03-10 14:52:02] Error message: Page not found | File name: W:\domains\pavlblog\blog\Сore\Router.php | Line: 52
=======================
[2021-03-10 14:52:07] Error message: Page not found | File name: W:\domains\pavlblog\blog\Сore\Router.php | Line: 52
=======================
[2021-03-10 14:52:08] Error message: Page not found | File name: W:\domains\pavlblog\blog\Сore\Router.php | Line: 52
=======================
[2021-03-10 14:52:09] Error message: Page not found | File name: W:\domains\pavlblog\blog\Сore\Router.php | Line: 52
=======================
[2021-03-10 14:52:10] Error message: Page not found | File name: W:\domains\pavlblog\blog\Сore\Router.php | Line: 52
=======================
[2021-03-10 14:52:11] Error message: Page not found | File name: W:\domains\pavlblog\blog\Сore\Router.php | Line: 52
=======================
[2021-03-10 14:52:12] Error message: Page not found | File name: W:\domains\pavlblog\blog\Сore\Router.php | Line: 52
=======================
[2021-03-10 14:52:13] Error message: Page not found | File name: W:\domains\pavlblog\blog\Сore\Router.php | Line: 52
=======================
[2021-03-10 14:52:14] Error message: Page not found | File name: W:\domains\pavlblog\blog\Сore\Router.php | Line: 52
=======================
[2021-03-10 14:52:15] Error message: Page not found | File name: W:\domains\pavlblog\blog\Сore\Router.php | Line: 52
=======================
[2021-03-10 14:52:16] Error message: Page not found | File name: W:\domains\pavlblog\blog\Сore\Router.php | Line: 52
=======================
[2021-03-10 14:52:17] Error message: Page not found | File name: W:\domains\pavlblog\blog\Сore\Router.php | Line: 52
=======================
[2021-03-10 14:52:20] Error message: Page not found | File name: W:\domains\pavlblog\blog\Сore\Router.php | Line: 52
=======================
[2021-03-10 14:52:21] Error message: Page not found | File name: W:\domains\pavlblog\blog\Сore\Router.php | Line: 52
=======================
[2021-03-10 14:52:22] Error message: Page not found | File name: W:\domains\pavlblog\blog\Сore\Router.php | Line: 52
=======================
[2021-03-10 14:52:23] Error message: Page not found | File name: W:\domains\pavlblog\blog\Сore\Router.php | Line: 52
=======================
[2021-03-10 14:52:24] Error message: Page not found | File name: W:\domains\pavlblog\blog\Сore\Router.php | Line: 52
=======================
[2021-03-10 14:52:25] Error message: Page not found | File name: W:\domains\pavlblog\blog\Сore\Router.php | Line: 52
=======================
[2021-03-10 14:52:26] Error message: Page not found | File name: W:\domains\pavlblog\blog\Сore\Router.php | Line: 52
=======================
[2021-03-10 14:52:27] Error message: Page not found | File name: W:\domains\pavlblog\blog\Сore\Router.php | Line: 52
=======================
[2021-03-10 14:52:27] Error message: Page not found | File name: W:\domains\pavlblog\blog\Сore\Router.php | Line: 52
=======================
[2021-03-10 14:52:30] Error message: Page not found | File name: W:\domains\pavlblog\blog\Сore\Router.php | Line: 52
=======================
[2021-03-10 14:52:30] Error message: Page not found | File name: W:\domains\pavlblog\blog\Сore\Router.php | Line: 52
=======================
[2021-03-10 14:52:32] Error message: Page not found | File name: W:\domains\pavlblog\blog\Сore\Router.php | Line: 52
=======================
[2021-03-10 14:52:32] Error message: Page not found | File name: W:\domains\pavlblog\blog\Сore\Router.php | Line: 52
=======================
[2021-03-10 14:52:34] Error message: Page not found | File name: W:\domains\pavlblog\blog\Сore\Router.php | Line: 52
=======================
[2021-03-10 14:52:35] Error message: Page not found | File name: W:\domains\pavlblog\blog\Сore\Router.php | Line: 52
=======================
[2021-03-10 14:53:01] Error message: Page not found | File name: W:\domains\pavlblog\blog\Сore\Router.php | Line: 52
=======================
[2021-03-10 14:53:09] Error message: Page not found | File name: W:\domains\pavlblog\blog\Сore\Router.php | Line: 52
=======================
[2021-03-10 14:53:10] Error message: Page not found | File name: W:\domains\pavlblog\blog\Сore\Router.php | Line: 52
=======================
[2021-03-10 14:53:13] Error message: Page not found | File name: W:\domains\pavlblog\blog\Сore\Router.php | Line: 52
=======================
[2021-03-10 14:53:42] Error message: Page not found | File name: W:\domains\pavlblog\blog\Сore\Router.php | Line: 52
=======================
[2021-03-10 14:53:45] Error message: Page not found | File name: W:\domains\pavlblog\blog\Сore\Router.php | Line: 52
=======================
[2021-03-10 14:53:47] Error message: Page not found | File name: W:\domains\pavlblog\blog\Сore\Router.php | Line: 52
=======================
[2021-03-10 14:58:57] Error message: Page not found | File name: W:\domains\pavlblog\blog\Сore\Router.php | Line: 52
=======================
[2021-03-10 14:59:09] Error message: Page not found | File name: W:\domains\pavlblog\blog\Сore\Router.php | Line: 52
=======================
[2021-03-10 15:00:35] Error message: Page not found | File name: W:\domains\pavlblog\blog\Сore\Router.php | Line: 52
=======================
[2021-03-10 15:00:45] Error message: Page not found | File name: W:\domains\pavlblog\blog\Сore\Router.php | Line: 52
=======================
[2021-03-10 15:00:48] Error message: Page not found | File name: W:\domains\pavlblog\blog\Сore\Router.php | Line: 52
=======================
[2021-03-10 15:01:30] Error message: Page not found | File name: W:\domains\pavlblog\blog\Сore\Router.php | Line: 52
=======================
[2021-03-10 15:01:30] Error message: Page not found | File name: W:\domains\pavlblog\blog\Сore\Router.php | Line: 52
=======================
[2021-03-10 15:01:44] Error message: Page not found | File name: W:\domains\pavlblog\blog\Сore\Router.php | Line: 52
=======================
[2021-03-10 15:01:45] Error message: Page not found | File name: W:\domains\pavlblog\blog\Сore\Router.php | Line: 52
=======================
[2021-03-10 15:02:06] Error message: Page not found | File name: W:\domains\pavlblog\blog\Сore\Router.php | Line: 52
=======================
[2021-03-10 15:02:07] Error message: Page not found | File name: W:\domains\pavlblog\blog\Сore\Router.php | Line: 52
=======================
[2021-03-10 15:02:27] Error message: Page not found | File name: W:\domains\pavlblog\blog\Сore\Router.php | Line: 52
=======================
[2021-03-10 15:02:27] Error message: Page not found | File name: W:\domains\pavlblog\blog\Сore\Router.php | Line: 52
=======================
[2021-03-10 15:03:23] Error message: Page not found | File name: W:\domains\pavlblog\blog\Сore\Router.php | Line: 52
=======================
[2021-03-10 15:03:27] Error message: Page not found | File name: W:\domains\pavlblog\blog\Сore\Router.php | Line: 52
=======================
[2021-03-10 15:03:27] Error message: Page not found | File name: W:\domains\pavlblog\blog\Сore\Router.php | Line: 52
=======================
[2021-03-10 15:04:24] Error message: Page not found | File name: W:\domains\pavlblog\blog\Сore\Router.php | Line: 52
=======================
[2021-03-10 15:04:24] Error message: Page not found | File name: W:\domains\pavlblog\blog\Сore\Router.php | Line: 52
=======================
[2021-03-10 15:04:30] Error message: Page not found | File name: W:\domains\pavlblog\blog\Сore\Router.php | Line: 52
=======================
[2021-03-10 15:04:30] Error message: Page not found | File name: W:\domains\pavlblog\blog\Сore\Router.php | Line: 52
=======================
[2021-03-10 15:04:53] Error message: Page not found | File name: W:\domains\pavlblog\blog\Сore\Router.php | Line: 52
=======================
[2021-03-10 15:04:58] Error message: Page not found | File name: W:\domains\pavlblog\blog\Сore\Router.php | Line: 52
=======================
[2021-03-10 15:05:09] Error message: Page not found | File name: W:\domains\pavlblog\blog\Сore\Router.php | Line: 52
=======================
[2021-03-10 15:05:09] Error message: Page not found | File name: W:\domains\pavlblog\blog\Сore\Router.php | Line: 52
=======================
[2021-03-10 15:05:39] Error message: Page not found | File name: W:\domains\pavlblog\blog\Сore\Router.php | Line: 52
=======================
[2021-03-10 15:05:39] Error message: Page not found | File name: W:\domains\pavlblog\blog\Сore\Router.php | Line: 52
=======================
[2021-03-10 15:06:15] Error message: Page not found | File name: W:\domains\pavlblog\blog\Сore\Router.php | Line: 52
=======================
[2021-03-10 15:06:15] Error message: Page not found | File name: W:\domains\pavlblog\blog\Сore\Router.php | Line: 52
=======================
[2021-03-10 15:06:15] Error message: Page not found | File name: W:\domains\pavlblog\blog\Сore\Router.php | Line: 52
=======================
[2021-03-10 15:06:27] Error message: Page not found | File name: W:\domains\pavlblog\blog\Сore\Router.php | Line: 52
=======================
[2021-03-10 15:06:27] Error message: Page not found | File name: W:\domains\pavlblog\blog\Сore\Router.php | Line: 52
=======================
[2021-03-10 15:06:42] Error message: Page not found | File name: W:\domains\pavlblog\blog\Сore\Router.php | Line: 52
=======================
[2021-03-10 15:06:43] Error message: Page not found | File name: W:\domains\pavlblog\blog\Сore\Router.php | Line: 52
=======================
[2021-03-10 15:06:43] Error message: Page not found | File name: W:\domains\pavlblog\blog\Сore\Router.php | Line: 52
=======================
[2021-03-10 15:06:43] Error message: Page not found | File name: W:\domains\pavlblog\blog\Сore\Router.php | Line: 52
=======================
[2021-03-10 15:06:48] Error message: Page not found | File name: W:\domains\pavlblog\blog\Сore\Router.php | Line: 52
=======================
[2021-03-10 15:06:48] Error message: Page not found | File name: W:\domains\pavlblog\blog\Сore\Router.php | Line: 52
=======================
[2021-03-10 15:06:52] Error message: Page not found | File name: W:\domains\pavlblog\blog\Сore\Router.php | Line: 52
=======================
[2021-03-10 15:06:53] Error message: View File not found | File name: W:\domains\pavlblog\blog\Сore\Base\View.php | Line: 55
=======================
[2021-03-10 15:07:15] Error message: View File not found | File name: W:\domains\pavlblog\blog\Сore\Base\View.php | Line: 55
=======================
[2021-03-10 15:07:16] Error message: View File not found | File name: W:\domains\pavlblog\blog\Сore\Base\View.php | Line: 55
=======================
[2021-03-10 15:07:19] Error message: View File not found | File name: W:\domains\pavlblog\blog\Сore\Base\View.php | Line: 55
=======================
[2021-03-10 15:07:19] Error message: View File not found | File name: W:\domains\pavlblog\blog\Сore\Base\View.php | Line: 55
=======================
[2021-03-10 15:07:19] Error message: View File not found | File name: W:\domains\pavlblog\blog\Сore\Base\View.php | Line: 55
=======================
[2021-03-10 15:07:20] Error message: View File not found | File name: W:\domains\pavlblog\blog\Сore\Base\View.php | Line: 55
=======================
[2021-03-10 15:07:20] Error message: View File not found | File name: W:\domains\pavlblog\blog\Сore\Base\View.php | Line: 55
=======================
[2021-03-10 15:07:23] Error message: View File not found | File name: W:\domains\pavlblog\blog\Сore\Base\View.php | Line: 55
=======================
[2021-03-10 15:07:23] Error message: View File not found | File name: W:\domains\pavlblog\blog\Сore\Base\View.php | Line: 55
=======================
[2021-03-10 15:08:08] Error message: Page not found | File name: W:\domains\pavlblog\blog\Сore\Router.php | Line: 52
=======================
[2021-03-10 15:08:10] Error message: Page not found | File name: W:\domains\pavlblog\blog\Сore\Router.php | Line: 52
=======================
[2021-03-10 15:08:36] Error message: Page not found | File name: W:\domains\pavlblog\blog\Сore\Router.php | Line: 52
=======================
[2021-03-10 15:08:37] Error message: View File not found | File name: W:\domains\pavlblog\blog\Сore\Base\View.php | Line: 55
=======================
[2021-03-10 15:08:39] Error message: View File not found | File name: W:\domains\pavlblog\blog\Сore\Base\View.php | Line: 55
=======================
[2021-03-10 15:08:39] Error message: View File not found | File name: W:\domains\pavlblog\blog\Сore\Base\View.php | Line: 55
=======================
[2021-03-10 15:08:40] Error message: View File not found | File name: W:\domains\pavlblog\blog\Сore\Base\View.php | Line: 55
=======================
[2021-03-10 15:08:40] Error message: View File not found | File name: W:\domains\pavlblog\blog\Сore\Base\View.php | Line: 55
=======================
[2021-03-10 15:08:40] Error message: View File not found | File name: W:\domains\pavlblog\blog\Сore\Base\View.php | Line: 55
=======================
[2021-03-10 15:10:43] Error message: View File not found | File name: W:\domains\pavlblog\blog\Сore\Base\View.php | Line: 55
=======================
[2021-03-10 15:10:44] Error message: View File not found | File name: W:\domains\pavlblog\blog\Сore\Base\View.php | Line: 55
=======================
[2021-03-10 15:10:44] Error message: View File not found | File name: W:\domains\pavlblog\blog\Сore\Base\View.php | Line: 55
=======================
[2021-03-10 15:10:44] Error message: View File not found | File name: W:\domains\pavlblog\blog\Сore\Base\View.php | Line: 55
=======================
[2021-03-10 15:10:45] Error message: View File not found | File name: W:\domains\pavlblog\blog\Сore\Base\View.php | Line: 55
=======================
[2021-03-10 15:10:46] Error message: View File not found | File name: W:\domains\pavlblog\blog\Сore\Base\View.php | Line: 55
=======================
[2021-03-10 15:10:46] Error message: View File not found | File name: W:\domains\pavlblog\blog\Сore\Base\View.php | Line: 55
=======================
[2021-03-10 15:10:46] Error message: View File not found | File name: W:\domains\pavlblog\blog\Сore\Base\View.php | Line: 55
=======================
[2021-03-10 15:10:46] Error message: View File not found | File name: W:\domains\pavlblog\blog\Сore\Base\View.php | Line: 55
=======================
[2021-03-10 15:10:47] Error message: View File not found | File name: W:\domains\pavlblog\blog\Сore\Base\View.php | Line: 55
=======================
[2021-03-10 15:10:47] Error message: View File not found | File name: W:\domains\pavlblog\blog\Сore\Base\View.php | Line: 55
=======================
[2021-03-10 15:11:01] Error message: Page not found | File name: W:\domains\pavlblog\blog\Сore\Router.php | Line: 52
=======================
[2021-03-10 15:11:01] Error message: Page not found | File name: W:\domains\pavlblog\blog\Сore\Router.php | Line: 52
=======================
[2021-03-10 15:11:01] Error message: Page not found | File name: W:\domains\pavlblog\blog\Сore\Router.php | Line: 52
=======================
[2021-03-10 15:11:18] Error message: Page not found | File name: W:\domains\pavlblog\blog\Сore\Router.php | Line: 52
=======================
[2021-03-10 15:11:18] Error message: Page not found | File name: W:\domains\pavlblog\blog\Сore\Router.php | Line: 52
=======================
[2021-03-10 15:11:36] Error message: Page not found | File name: W:\domains\pavlblog\blog\Сore\Router.php | Line: 52
=======================
[2021-03-10 15:11:36] Error message: Page not found | File name: W:\domains\pavlblog\blog\Сore\Router.php | Line: 52
=======================
[2021-03-10 15:11:44] Error message: Page not found | File name: W:\domains\pavlblog\blog\Сore\Router.php | Line: 52
=======================
[2021-03-10 15:11:44] Error message: Page not found | File name: W:\domains\pavlblog\blog\Сore\Router.php | Line: 52
=======================
[2021-03-10 15:11:51] Error message: Page not found | File name: W:\domains\pavlblog\blog\Сore\Router.php | Line: 52
=======================
[2021-03-10 15:11:51] Error message: Page not found | File name: W:\domains\pavlblog\blog\Сore\Router.php | Line: 52
=======================
[2021-03-10 15:12:09] Error message: Page not found | File name: W:\domains\pavlblog\blog\Сore\Router.php | Line: 52
=======================
[2021-03-10 15:12:09] Error message: Page not found | File name: W:\domains\pavlblog\blog\Сore\Router.php | Line: 52
=======================
[2021-03-10 15:12:17] Error message: Page not found | File name: W:\domains\pavlblog\blog\Сore\Router.php | Line: 52
=======================
[2021-03-10 15:12:17] Error message: Page not found | File name: W:\domains\pavlblog\blog\Сore\Router.php | Line: 52
=======================
[2021-03-10 15:12:45] Error message: Page not found | File name: W:\domains\pavlblog\blog\Сore\Router.php | Line: 52
=======================
[2021-03-10 15:13:03] Error message: Page not found | File name: W:\domains\pavlblog\blog\Сore\Router.php | Line: 52
=======================
[2021-03-10 15:13:03] Error message: Page not found | File name: W:\domains\pavlblog\blog\Сore\Router.php | Line: 52
=======================
[2021-03-10 15:13:07] Error message: View File not found | File name: W:\domains\pavlblog\blog\Сore\Base\View.php | Line: 55
=======================
[2021-03-10 15:13:09] Error message: View File not found | File name: W:\domains\pavlblog\blog\Сore\Base\View.php | Line: 55
=======================
[2021-03-10 15:13:09] Error message: View File not found | File name: W:\domains\pavlblog\blog\Сore\Base\View.php | Line: 55
=======================
[2021-03-10 15:13:09] Error message: View File not found | File name: W:\domains\pavlblog\blog\Сore\Base\View.php | Line: 55
=======================
[2021-03-10 15:13:09] Error message: View File not found | File name: W:\domains\pavlblog\blog\Сore\Base\View.php | Line: 55
=======================
[2021-03-10 15:14:50] Error message: Page not found | File name: W:\domains\pavlblog\blog\Сore\Router.php | Line: 52
=======================
[2021-03-10 15:14:51] Error message: Page not found | File name: W:\domains\pavlblog\blog\Сore\Router.php | Line: 52
=======================
[2021-03-10 15:14:56] Error message: Page not found | File name: W:\domains\pavlblog\blog\Сore\Router.php | Line: 52
=======================
[2021-03-10 15:14:57] Error message: Page not found | File name: W:\domains\pavlblog\blog\Сore\Router.php | Line: 52
=======================
[2021-03-10 15:15:00] Error message: View File not found | File name: W:\domains\pavlblog\blog\Сore\Base\View.php | Line: 55
=======================
[2021-03-10 15:15:00] Error message: Page not found | File name: W:\domains\pavlblog\blog\Сore\Router.php | Line: 52
=======================
[2021-03-10 15:15:06] Error message: Page not found | File name: W:\domains\pavlblog\blog\Сore\Router.php | Line: 52
=======================
[2021-03-10 15:15:06] Error message: Page not found | File name: W:\domains\pavlblog\blog\Сore\Router.php | Line: 52
=======================
[2021-03-10 15:15:18] Error message: View File not found | File name: W:\domains\pavlblog\blog\Сore\Base\View.php | Line: 55
=======================
[2021-03-10 15:15:19] Error message: View File not found | File name: W:\domains\pavlblog\blog\Сore\Base\View.php | Line: 55
=======================
[2021-03-10 15:15:19] Error message: View File not found | File name: W:\domains\pavlblog\blog\Сore\Base\View.php | Line: 55
=======================
[2021-03-10 15:15:20] Error message: View File not found | File name: W:\domains\pavlblog\blog\Сore\Base\View.php | Line: 55
=======================
[2021-03-10 15:15:20] Error message: View File not found | File name: W:\domains\pavlblog\blog\Сore\Base\View.php | Line: 55
=======================
[2021-03-10 15:15:20] Error message: View File not found | File name: W:\domains\pavlblog\blog\Сore\Base\View.php | Line: 55
=======================
[2021-03-10 15:15:21] Error message: View File not found | File name: W:\domains\pavlblog\blog\Сore\Base\View.php | Line: 55
=======================
[2021-03-10 15:15:36] Error message: Page not found | File name: W:\domains\pavlblog\blog\Сore\Router.php | Line: 52
=======================
[2021-03-10 15:15:38] Error message: View File not found | File name: W:\domains\pavlblog\blog\Сore\Base\View.php | Line: 55
=======================
[2021-03-10 15:15:47] Error message: Page not found | File name: W:\domains\pavlblog\blog\Сore\Router.php | Line: 52
=======================
[2021-03-10 15:16:10] Error message: Page not found | File name: W:\domains\pavlblog\blog\Сore\Router.php | Line: 52
=======================
[2021-03-10 15:16:18] Error message: Call to a member function find() on null | File name: W:\domains\pavlblog\app\Models\admin\Gazeta.php | Line: 27
=======================
[2021-03-10 15:17:46] Error message: Page not found | File name: W:\domains\pavlblog\blog\Сore\Router.php | Line: 52
=======================
[2021-03-10 15:17:49] Error message: Page not found | File name: W:\domains\pavlblog\blog\Сore\Router.php | Line: 52
=======================
[2021-03-10 15:18:00] Error message: Page not found | File name: W:\domains\pavlblog\blog\Сore\Router.php | Line: 52
=======================
[2021-03-10 15:25:52] Error message: Page not found | File name: W:\domains\pavlblog\blog\Сore\Router.php | Line: 52
=======================
[2021-03-10 15:26:35] Error message: Page not found | File name: W:\domains\pavlblog\blog\Сore\Router.php | Line: 52
=======================
[2021-03-10 15:26:55] Error message: Page not found | File name: W:\domains\pavlblog\blog\Сore\Router.php | Line: 52
=======================
[2021-03-10 15:26:55] Error message: Page not found | File name: W:\domains\pavlblog\blog\Сore\Router.php | Line: 52
=======================
[2021-03-10 15:27:38] Error message: Page not found | File name: W:\domains\pavlblog\blog\Сore\Router.php | Line: 52
=======================
[2021-03-10 15:27:38] Error message: Page not found | File name: W:\domains\pavlblog\blog\Сore\Router.php | Line: 52
=======================
[2021-03-10 15:27:40] Error message: Page not found | File name: W:\domains\pavlblog\blog\Сore\Router.php | Line: 52
=======================
[2021-03-10 15:28:04] Error message: Call to a member function find() on null | File name: W:\domains\pavlblog\app\Models\admin\Gazeta.php | Line: 27
=======================
[2021-03-10 15:28:24] Error message: Could not load file https://rg.ru//2021/03/10/v-moskve-v-besplatnuiu-shkolu-nian-prishli-pozharnyj-i-programmist.html | File name: W:\domains\pavlblog\vendor\imangazaliev\didom\src\DiDom\Document.php | Line: 397
=======================
[2021-03-10 15:28:42] Error message: Call to a member function find() on null | File name: W:\domains\pavlblog\app\Models\admin\Gazeta.php | Line: 27
=======================
[2021-03-10 15:29:00] Error message: Could not load file https://rg.ru//2021/03/10/strategicheskij-bombardirovshchik-ssha-vpervye-sel-v-arktike.html | File name: W:\domains\pavlblog\vendor\imangazaliev\didom\src\DiDom\Document.php | Line: 397
=======================
[2021-03-10 15:29:19] Error message: Call to a member function find() on null | File name: W:\domains\pavlblog\app\Models\admin\Gazeta.php | Line: 27
=======================
[2021-03-10 15:29:38] Error message: Call to a member function find() on null | File name: W:\domains\pavlblog\app\Models\admin\Gazeta.php | Line: 27
=======================
[2021-03-10 15:29:58] Error message: Call to a member function find() on null | File name: W:\domains\pavlblog\app\Models\admin\Gazeta.php | Line: 27
=======================
[2021-03-10 15:30:16] Error message: Could not load file https://rg.ru//2021/03/10/putin-provedet-soveshchanie-po-investklimatu.html | File name: W:\domains\pavlblog\vendor\imangazaliev\didom\src\DiDom\Document.php | Line: 397
=======================
[2021-03-10 15:32:25] Error message: View File not found | File name: W:\domains\pavlblog\blog\Сore\Base\View.php | Line: 55
=======================
[2021-03-10 15:32:28] Error message: Page not found | File name: W:\domains\pavlblog\blog\Сore\Router.php | Line: 52
=======================
[2021-03-10 15:32:56] Error message: View File not found | File name: W:\domains\pavlblog\blog\Сore\Base\View.php | Line: 55
=======================
[2021-03-10 15:33:19] Error message: Page not found | File name: W:\domains\pavlblog\blog\Сore\Router.php | Line: 52
=======================
[2021-03-10 15:34:21] Error message: Could not load file https://rg.ru//2021/03/10/putin-provedet-soveshchanie-po-investklimatu.html | File name: W:\domains\pavlblog\vendor\imangazaliev\didom\src\DiDom\Document.php | Line: 397
=======================
[2021-03-10 15:35:35] Error message: Could not load file https://rg.ru//2021/03/10/putin-i-premer-liuksemburga-obsudili-vozmozhnye-postavki-sputnika-v.html | File name: W:\domains\pavlblog\vendor\imangazaliev\didom\src\DiDom\Document.php | Line: 397
=======================
[2021-03-10 15:36:13] Error message: View File not found | File name: W:\domains\pavlblog\blog\Сore\Base\View.php | Line: 55
=======================
[2021-03-10 15:37:09] Error message: Page not found | File name: W:\domains\pavlblog\blog\Сore\Router.php | Line: 52
=======================
[2021-03-10 15:37:41] Error message: Could not load file https://rg.ru//2021/03/10/putin-i-premer-liuksemburga-obsudili-vozmozhnye-postavki-sputnika-v.html | File name: W:\domains\pavlblog\vendor\imangazaliev\didom\src\DiDom\Document.php | Line: 397
=======================
[2021-03-10 15:37:46] Error message: Could not load file https://rg.ru//2021/03/10/putin-i-premer-liuksemburga-obsudili-vozmozhnye-postavki-sputnika-v.html | File name: W:\domains\pavlblog\vendor\imangazaliev\didom\src\DiDom\Document.php | Line: 397
=======================
[2021-03-10 15:41:47] Error message: Call to a member function find() on null | File name: W:\domains\pavlblog\app\Models\admin\Gazeta.php | Line: 27
=======================
[2021-03-10 15:41:49] Error message: Call to a member function find() on null | File name: W:\domains\pavlblog\app\Models\admin\Gazeta.php | Line: 27
=======================
[2021-03-10 15:41:51] Error message: Call to a member function find() on null | File name: W:\domains\pavlblog\app\Models\admin\Gazeta.php | Line: 27
=======================
[2021-03-10 15:41:53] Error message: Call to a member function find() on null | File name: W:\domains\pavlblog\app\Models\admin\Gazeta.php | Line: 27
=======================
[2021-03-10 15:41:57] Error message: Call to a member function find() on null | File name: W:\domains\pavlblog\app\Models\admin\Gazeta.php | Line: 27
=======================
[2021-03-10 15:42:02] Error message: Call to a member function find() on null | File name: W:\domains\pavlblog\app\Models\admin\Gazeta.php | Line: 27
=======================
[2021-03-10 15:42:07] Error message: Call to a member function find() on null | File name: W:\domains\pavlblog\app\Models\admin\Gazeta.php | Line: 27
=======================
[2021-03-10 15:42:12] Error message: Call to a member function find() on null | File name: W:\domains\pavlblog\app\Models\admin\Gazeta.php | Line: 27
=======================
[2021-03-10 15:42:17] Error message: Call to a member function find() on null | File name: W:\domains\pavlblog\app\Models\admin\Gazeta.php | Line: 27
=======================
[2021-03-10 15:42:22] Error message: Call to a member function find() on null | File name: W:\domains\pavlblog\app\Models\admin\Gazeta.php | Line: 27
=======================
[2021-03-10 15:42:27] Error message: Call to a member function find() on null | File name: W:\domains\pavlblog\app\Models\admin\Gazeta.php | Line: 27
=======================
[2021-03-10 15:42:32] Error message: Call to a member function find() on null | File name: W:\domains\pavlblog\app\Models\admin\Gazeta.php | Line: 27
=======================
[2021-03-10 15:42:37] Error message: Call to a member function find() on null | File name: W:\domains\pavlblog\app\Models\admin\Gazeta.php | Line: 27
=======================
[2021-03-10 15:42:42] Error message: Call to a member function find() on null | File name: W:\domains\pavlblog\app\Models\admin\Gazeta.php | Line: 27
=======================
[2021-03-10 15:42:47] Error message: Call to a member function find() on null | File name: W:\domains\pavlblog\app\Models\admin\Gazeta.php | Line: 27
=======================
[2021-03-10 15:42:52] Error message: Call to a member function find() on null | File name: W:\domains\pavlblog\app\Models\admin\Gazeta.php | Line: 27
=======================
[2021-03-10 15:42:57] Error message: Call to a member function find() on null | File name: W:\domains\pavlblog\app\Models\admin\Gazeta.php | Line: 27
=======================
[2021-03-10 15:43:02] Error message: Call to a member function find() on null | File name: W:\domains\pavlblog\app\Models\admin\Gazeta.php | Line: 27
=======================
[2021-03-10 15:43:07] Error message: Call to a member function find() on null | File name: W:\domains\pavlblog\app\Models\admin\Gazeta.php | Line: 27
=======================
[2021-03-10 15:43:12] Error message: Call to a member function find() on null | File name: W:\domains\pavlblog\app\Models\admin\Gazeta.php | Line: 27
=======================
[2021-03-10 15:43:17] Error message: Call to a member function find() on null | File name: W:\domains\pavlblog\app\Models\admin\Gazeta.php | Line: 27
=======================
[2021-03-10 15:43:22] Error message: Could not load file https://rg.ru//2021/03/10/rostelekom-vosstanovil-rabotu-posle-sboia.html | File name: W:\domains\pavlblog\vendor\imangazaliev\didom\src\DiDom\Document.php | Line: 397
=======================
[2021-03-10 15:43:27] Error message: Call to a member function find() on null | File name: W:\domains\pavlblog\app\Models\admin\Gazeta.php | Line: 27
=======================
[2021-03-10 15:43:32] Error message: Call to a member function find() on null | File name: W:\domains\pavlblog\app\Models\admin\Gazeta.php | Line: 27
=======================
[2021-03-10 15:43:37] Error message: Call to a member function find() on null | File name: W:\domains\pavlblog\app\Models\admin\Gazeta.php | Line: 27
=======================
[2021-12-14 00:06:38] Error message: Database: Connection failed | File name: D:\programs\OpenServer\domains\pavlblog\blog\Сore\Db.php | Line: 24
=======================
[2021-12-14 00:06:39] Error message: Database: Connection failed | File name: D:\programs\OpenServer\domains\pavlblog\blog\Сore\Db.php | Line: 24
=======================
[2021-12-14 00:06:40] Error message: Database: Connection failed | File name: D:\programs\OpenServer\domains\pavlblog\blog\Сore\Db.php | Line: 24
=======================
[2021-12-14 00:09:39] Error message: Database: Connection failed | File name: D:\programs\OpenServer\domains\pavlblog\blog\Сore\Db.php | Line: 24
=======================
[2021-12-14 00:19:03] Error message: Page not found | File name: D:\programs\OpenServer\domains\pavlblog\blog\Сore\Router.php | Line: 52
=======================
[2021-12-14 00:19:05] Error message: Page not found | File name: D:\programs\OpenServer\domains\pavlblog\blog\Сore\Router.php | Line: 52
=======================
[2021-12-14 00:27:57] Error message: Page not found | File name: D:\programs\OpenServer\domains\pavlblog\blog\Сore\Router.php | Line: 52
=======================
[2021-12-14 00:27:58] Error message: Page not found | File name: D:\programs\OpenServer\domains\pavlblog\blog\Сore\Router.php | Line: 52
=======================
[2021-12-14 00:28:35] Error message: Page not found | File name: D:\programs\OpenServer\domains\pavlblog\blog\Сore\Router.php | Line: 52
=======================
[2021-12-14 00:28:46] Error message: Page not found | File name: D:\programs\OpenServer\domains\pavlblog\blog\Сore\Router.php | Line: 52
=======================
[2021-12-14 00:28:59] Error message: Page not found | File name: D:\programs\OpenServer\domains\pavlblog\blog\Сore\Router.php | Line: 52
=======================
[2021-12-14 00:29:10] Error message: Page not found | File name: D:\programs\OpenServer\domains\pavlblog\blog\Сore\Router.php | Line: 52
=======================
[2021-12-14 00:29:13] Error message: Page not found | File name: D:\programs\OpenServer\domains\pavlblog\blog\Сore\Router.php | Line: 52
=======================
[2021-12-14 00:29:16] Error message: Page not found | File name: D:\programs\OpenServer\domains\pavlblog\blog\Сore\Router.php | Line: 52
=======================
[2021-12-14 00:29:18] Error message: Page not found | File name: D:\programs\OpenServer\domains\pavlblog\blog\Сore\Router.php | Line: 52
=======================
[2021-12-14 00:29:25] Error message: Page not found | File name: D:\programs\OpenServer\domains\pavlblog\blog\Сore\Router.php | Line: 52
=======================
[2021-12-14 00:29:29] Error message: Page not found | File name: D:\programs\OpenServer\domains\pavlblog\blog\Сore\Router.php | Line: 52
=======================
[2021-12-14 00:29:32] Error message: Page not found | File name: D:\programs\OpenServer\domains\pavlblog\blog\Сore\Router.php | Line: 52
=======================
[2021-12-14 00:29:33] Error message: Page not found | File name: D:\programs\OpenServer\domains\pavlblog\blog\Сore\Router.php | Line: 52
=======================
[2021-12-14 00:29:35] Error message: Page not found | File name: D:\programs\OpenServer\domains\pavlblog\blog\Сore\Router.php | Line: 52
=======================
[2021-12-14 00:29:36] Error message: Page not found | File name: D:\programs\OpenServer\domains\pavlblog\blog\Сore\Router.php | Line: 52
=======================
[2021-12-14 00:29:39] Error message: Page not found | File name: D:\programs\OpenServer\domains\pavlblog\blog\Сore\Router.php | Line: 52
=======================
[2021-12-14 00:29:40] Error message: Page not found | File name: D:\programs\OpenServer\domains\pavlblog\blog\Сore\Router.php | Line: 52
=======================
[2021-12-14 00:29:57] Error message: Page not found | File name: D:\programs\OpenServer\domains\pavlblog\blog\Сore\Router.php | Line: 52
=======================
[2021-12-14 00:31:30] Error message: Page not found | File name: D:\programs\OpenServer\domains\pavlblog\blog\Сore\Router.php | Line: 52
=======================
[2021-12-14 00:31:33] Error message: Page not found | File name: D:\programs\OpenServer\domains\pavlblog\blog\Сore\Router.php | Line: 52
=======================
[2021-12-14 00:31:39] Error message: Page not found | File name: D:\programs\OpenServer\domains\pavlblog\blog\Сore\Router.php | Line: 52
=======================
[2021-12-14 00:31:48] Error message: Page not found | File name: D:\programs\OpenServer\domains\pavlblog\blog\Сore\Router.php | Line: 52
=======================
[2021-12-13 21:10:59] Error message: Database: Connection failed | File name: /new-nas/www/term.anton2920.ru/blog/Сore/Db.php | Line: 24
=======================
[2021-12-13 21:11:00] Error message: Database: Connection failed | File name: /new-nas/www/term.anton2920.ru/blog/Сore/Db.php | Line: 24
=======================
[2021-12-13 21:11:24] Error message: Database: Connection failed | File name: /new-nas/www/term.anton2920.ru/blog/Сore/Db.php | Line: 24
=======================
[2021-12-13 21:11:24] Error message: Database: Connection failed | File name: /new-nas/www/term.anton2920.ru/blog/Сore/Db.php | Line: 24
=======================
[2021-12-13 21:18:05] Error message: Class 'App\models\Article' not found | File name: /new-nas/www/term.anton2920.ru/app/Controllers/MainController.php | Line: 18
=======================
[2021-12-13 21:18:05] Error message: Page not found | File name: /new-nas/www/term.anton2920.ru/blog/Сore/Router.php | Line: 52
=======================
[2021-12-13 21:20:06] Error message: View File not found | File name: /new-nas/www/term.anton2920.ru/blog/Сore/Base/View.php | Line: 55
=======================
[2021-12-13 21:22:04] Error message: View File not found | File name: /new-nas/www/term.anton2920.ru/blog/Сore/Base/View.php | Line: 56
=======================
[2021-12-13 21:26:57] Error message: View File not found | File name: /new-nas/www/term.anton2920.ru/blog/Сore/Base/View.php | Line: 56
=======================
[2021-12-13 21:27:08] Error message: View File not found | File name: /new-nas/www/term.anton2920.ru/blog/Сore/Base/View.php | Line: 56
=======================
[2021-12-13 21:27:09] Error message: View File not found | File name: /new-nas/www/term.anton2920.ru/blog/Сore/Base/View.php | Line: 56
=======================
[2021-12-13 21:27:09] Error message: Page not found | File name: /new-nas/www/term.anton2920.ru/blog/Сore/Router.php | Line: 52
=======================
[2021-12-13 21:27:10] Error message: View File not found | File name: /new-nas/www/term.anton2920.ru/blog/Сore/Base/View.php | Line: 56
=======================
[2021-12-13 21:27:10] Error message: Page not found | File name: /new-nas/www/term.anton2920.ru/blog/Сore/Router.php | Line: 52
=======================
[2021-12-13 21:27:10] Error message: View File not found | File name: /new-nas/www/term.anton2920.ru/blog/Сore/Base/View.php | Line: 56
=======================
[2021-12-13 21:27:10] Error message: View File not found | File name: /new-nas/www/term.anton2920.ru/blog/Сore/Base/View.php | Line: 56
=======================
[2021-12-13 21:27:11] Error message: View File not found | File name: /new-nas/www/term.anton2920.ru/blog/Сore/Base/View.php | Line: 56
=======================
[2021-12-13 21:27:11] Error message: Page not found | File name: /new-nas/www/term.anton2920.ru/blog/Сore/Router.php | Line: 52
=======================
[2021-12-13 21:27:35] Error message: Page not found | File name: /new-nas/www/term.anton2920.ru/blog/Сore/Router.php | Line: 52
=======================
[2021-12-13 21:27:50] Error message: Page not found | File name: /new-nas/www/term.anton2920.ru/blog/Сore/Router.php | Line: 52
=======================
[2021-12-13 21:27:51] Error message: Page not found | File name: /new-nas/www/term.anton2920.ru/blog/Сore/Router.php | Line: 52
=======================
[2021-12-13 21:29:08] Error message: Page not found | File name: /new-nas/www/term.anton2920.ru/blog/Сore/Router.php | Line: 52
=======================
[2021-12-13 21:29:16] Error message: Page not found | File name: /new-nas/www/term.anton2920.ru/blog/Сore/Router.php | Line: 52
=======================
[2021-12-13 21:30:07] Error message: Page not found | File name: /new-nas/www/term.anton2920.ru/blog/Сore/Router.php | Line: 52
=======================
[2021-12-13 21:30:15] Error message: View File not found | File name: /new-nas/www/term.anton2920.ru/blog/Сore/Base/View.php | Line: 56
=======================
[2021-12-13 21:31:43] Error message: View File not found | File name: /new-nas/www/term.anton2920.ru/blog/Сore/Base/View.php | Line: 56
=======================
[2021-12-13 21:31:47] Error message: View File not found | File name: /new-nas/www/term.anton2920.ru/blog/Сore/Base/View.php | Line: 56
=======================
[2021-12-13 21:35:14] Error message: View File not found | File name: /new-nas/www/term.anton2920.ru/blog/Сore/Base/View.php | Line: 56
=======================
[2021-12-14 00:38:36] Error message: Database: Connection failed | File name: D:\programs\OpenServer\domains\pavlblog\blog\Сore\Db.php | Line: 24
=======================
[2021-12-14 00:38:37] Error message: Database: Connection failed | File name: D:\programs\OpenServer\domains\pavlblog\blog\Сore\Db.php | Line: 24
=======================
[2021-12-14 00:38:38] Error message: Database: Connection failed | File name: D:\programs\OpenServer\domains\pavlblog\blog\Сore\Db.php | Line: 24
=======================
[2021-12-14 00:38:39] Error message: Database: Connection failed | File name: D:\programs\OpenServer\domains\pavlblog\blog\Сore\Db.php | Line: 24
=======================
[2021-12-14 00:38:58] Error message: Page not found | File name: D:\programs\OpenServer\domains\pavlblog\blog\Сore\Router.php | Line: 52
=======================
[2021-12-14 00:38:58] Error message: Page not found | File name: D:\programs\OpenServer\domains\pavlblog\blog\Сore\Router.php | Line: 52
=======================
